<?xml version="1.0" encoding="UTF-8"?>
<!-- Generated by org.testng.reporters.JUnitReportReporter -->
<testsuite hostname="Bosun" failures="0" tests="1" name="testcases.OpenAccountTest" time="1.094" errors="0" timestamp="15 Jul 2023 10:21:32 GMT" skipped="0">
  <testcase classname="testcases.OpenAccountTest" name="openAccount" time="1.094"/>
</testsuite> <!-- testcases.OpenAccountTest -->
