<?xml version="1.0" encoding="UTF-8"?>
<!-- Generated by org.testng.reporters.JUnitReportReporter -->
<testsuite hostname="Bosun" failures="0" tests="3" name="testcases.UserRegTest" time="0.004" errors="0" timestamp="10 Jul 2023 17:23:19 GMT" skipped="0">
  <testcase classname="testcases.UserRegTest" name="doUserRegTest" time="0.001"/>
  <testcase classname="testcases.UserRegTest" name="doUserRegTest" time="0.001"/>
  <testcase classname="testcases.UserRegTest" name="doUserRegTest" time="0.002"/>
</testsuite> <!-- testcases.UserRegTest -->
