<?xml version="1.0" encoding="UTF-8"?>
<!-- Generated by org.testng.reporters.JUnitReportReporter -->
<testsuite hostname="Bosun" failures="0" tests="1" name="testcases.BankManagerLoginTest" time="0.612" errors="0" timestamp="14 Jul 2023 11:21:09 GMT" skipped="0">
  <testcase classname="testcases.BankManagerLoginTest" name="loginAsBankManager" time="0.612"/>
</testsuite> <!-- testcases.BankManagerLoginTest -->
