<?xml version="1.0" encoding="UTF-8"?>
<!-- Generated by org.testng.reporters.JUnitReportReporter -->
<testsuite hostname="Bosun" failures="0" tests="1" name="testcases.UserRegTest" time="0.000" errors="0" timestamp="10 Jul 2023 13:29:12 GMT" skipped="1">
  <testcase classname="testcases.UserRegTest" name="doUserRegTest" time="0.000">
    <skipped/>
  </testcase> <!-- doUserRegTest -->
</testsuite> <!-- testcases.UserRegTest -->
