<?xml version="1.0" encoding="UTF-8"?>
<!-- Generated by org.testng.reporters.JUnitReportReporter -->
<testsuite hostname="Bosun" failures="0" tests="4" name="testcases.AddCustomerTest" time="9.877" errors="0" timestamp="15 Jul 2023 10:21:32 GMT" skipped="0">
  <testcase classname="testcases.AddCustomerTest" name="addCustomer" time="2.357"/>
  <testcase classname="testcases.AddCustomerTest" name="addCustomer" time="2.404"/>
  <testcase classname="testcases.AddCustomerTest" name="addCustomer" time="2.722"/>
  <testcase classname="testcases.AddCustomerTest" name="addCustomer" time="2.394"/>
</testsuite> <!-- testcases.AddCustomerTest -->
