<?xml version="1.0" encoding="UTF-8"?>
<!-- Generated by org.testng.reporters.JUnitReportReporter -->
<testsuite hostname="Bosun" failures="0" tests="4" name="testcases.AddCustomerTest" time="10.443" errors="0" timestamp="14 Jul 2023 11:21:09 GMT" skipped="0">
  <testcase classname="testcases.AddCustomerTest" name="addCustomer" time="2.405"/>
  <testcase classname="testcases.AddCustomerTest" name="addCustomer" time="2.484"/>
  <testcase classname="testcases.AddCustomerTest" name="addCustomer" time="3.113"/>
  <testcase classname="testcases.AddCustomerTest" name="addCustomer" time="2.441"/>
</testsuite> <!-- testcases.AddCustomerTest -->
