<?xml version="1.0" encoding="UTF-8"?>
<!-- Generated by org.testng.reporters.JUnitReportReporter -->
<testsuite hostname="Bosun" failures="0" tests="1" name="testcases.BankManagerLoginTest" time="0.643" errors="0" timestamp="15 Jul 2023 10:48:40 GMT" skipped="0">
  <testcase classname="testcases.BankManagerLoginTest" name="loginAsBankManager" time="0.643"/>
</testsuite> <!-- testcases.BankManagerLoginTest -->
