<?xml version="1.0" encoding="UTF-8"?>
<!-- Generated by org.testng.reporters.JUnitReportReporter -->
<testsuite hostname="Bosun" failures="0" tests="3" name="testcases.UserRegTest" time="0.001" errors="0" timestamp="13 Jul 2023 18:59:16 GMT" skipped="0">
  <testcase classname="testcases.UserRegTest" name="doUserRegTest" time="0.001"/>
  <testcase classname="testcases.UserRegTest" name="doUserRegTest" time="0.000"/>
  <testcase classname="testcases.UserRegTest" name="doUserRegTest" time="0.000"/>
</testsuite> <!-- testcases.UserRegTest -->
