<?xml version="1.0" encoding="UTF-8"?>
<!-- Generated by org.testng.reporters.JUnitReportReporter -->
<testsuite hostname="Bosun" failures="0" tests="3" name="testcases.OpenAccountTest" time="1.864" errors="0" timestamp="15 Jul 2023 10:48:40 GMT" skipped="0">
  <testcase classname="testcases.OpenAccountTest" name="openAccount" time="0.366"/>
  <testcase classname="testcases.OpenAccountTest" name="openAccount" time="0.335"/>
  <testcase classname="testcases.OpenAccountTest" name="openAccount" time="1.163"/>
</testsuite> <!-- testcases.OpenAccountTest -->
