<?xml version="1.0" encoding="UTF-8"?>
<!-- Generated by org.testng.reporters.JUnitReportReporter -->
<testsuite hostname="Bosun" failures="0" tests="4" name="testcases.AddCustomerTest" time="10.548" errors="0" timestamp="14 Jul 2023 12:46:07 GMT" skipped="0">
  <testcase classname="testcases.AddCustomerTest" name="addCustomer" time="2.479"/>
  <testcase classname="testcases.AddCustomerTest" name="addCustomer" time="2.591"/>
  <testcase classname="testcases.AddCustomerTest" name="addCustomer" time="2.501"/>
  <testcase classname="testcases.AddCustomerTest" name="addCustomer" time="2.977"/>
</testsuite> <!-- testcases.AddCustomerTest -->
