<?xml version="1.0" encoding="UTF-8"?>
<!-- Generated by org.testng.reporters.JUnitReportReporter -->
<testsuite hostname="Bosun" failures="0" tests="4" name="testcases.AddCustomerTest" time="10.126" errors="0" timestamp="15 Jul 2023 10:48:40 GMT" skipped="0">
  <testcase classname="testcases.AddCustomerTest" name="addCustomer" time="2.487"/>
  <testcase classname="testcases.AddCustomerTest" name="addCustomer" time="2.804"/>
  <testcase classname="testcases.AddCustomerTest" name="addCustomer" time="2.405"/>
  <testcase classname="testcases.AddCustomerTest" name="addCustomer" time="2.430"/>
</testsuite> <!-- testcases.AddCustomerTest -->
